-------------------------------------------------------------------------------
Test set: com.wallet.WalletApiApplicationTests
-------------------------------------------------------------------------------
Tests run: 1, Failures: 0, Errors: 1, Skipped: 0, Time elapsed: 0.005 s <<< FAILURE! - in com.wallet.WalletApiApplicationTests
initializationError  Time elapsed: 0.001 s  <<< ERROR!
java.lang.Exception: No runnable methods

